<?xml version="1.0" encoding="UTF-8"?>
<testng-results skipped="0" failed="0" total="1" passed="1">
  <reporter-output>
  </reporter-output>
  <suite name="Suite" duration-ms="6642" started-at="2019-03-20T00:59:37Z" finished-at="2019-03-20T00:59:44Z">
    <groups>
    </groups>
    <test name="Test" duration-ms="6642" started-at="2019-03-20T00:59:37Z" finished-at="2019-03-20T00:59:44Z">
      <class name="test.testbaidu">
        <test-method status="PASS" signature="test()[pri:0, instance:test.testbaidu@27082746]" name="test" duration-ms="6624" started-at="2019-03-20T08:59:37Z" finished-at="2019-03-20T08:59:44Z">
          <reporter-output>
          </reporter-output>
        </test-method> <!-- test -->
      </class> <!-- test.testbaidu -->
    </test> <!-- Test -->
  </suite> <!-- Suite -->
</testng-results>
